#! /c/Source/iverilog-install/bin/vvp
:ivl_version "12.0 (devel)" "(s20150603-1539-g2693dd32b)";
:ivl_delay_selection "TYPICAL";
:vpi_time_precision + 0;
:vpi_module "C:\iverilog\lib\ivl\system.vpi";
:vpi_module "C:\iverilog\lib\ivl\vhdl_sys.vpi";
:vpi_module "C:\iverilog\lib\ivl\vhdl_textio.vpi";
:vpi_module "C:\iverilog\lib\ivl\v2005_math.vpi";
:vpi_module "C:\iverilog\lib\ivl\va_math.vpi";
S_0000022e1ef3a5b0 .scope module, "tb" "tb" 2 1;
 .timescale 0 0;
v0000022e1ef3cc00_0 .var "clk", 0 0;
v0000022e1ef3cca0_0 .net "count", 3 0, v0000022e1ee12910_0;  1 drivers
v0000022e1ef3e000_0 .var "rst", 0 0;
S_0000022e1ef3de70 .scope module, "uut" "counter" 2 6, 3 1 0, S_0000022e1ef3a5b0;
 .timescale 0 0;
    .port_info 0 /INPUT 1 "clk";
    .port_info 1 /INPUT 1 "rst";
    .port_info 2 /OUTPUT 4 "count";
v0000022e1ee12b70_0 .net "clk", 0 0, v0000022e1ef3cc00_0;  1 drivers
v0000022e1ee12910_0 .var "count", 3 0;
v0000022e1ee12d90_0 .net "rst", 0 0, v0000022e1ef3e000_0;  1 drivers
E_0000022e1ee45220 .event posedge, v0000022e1ee12d90_0, v0000022e1ee12b70_0;
    .scope S_0000022e1ef3de70;
T_0 ;
    %wait E_0000022e1ee45220;
    %load/vec4 v0000022e1ee12d90_0;
    %flag_set/vec4 8;
    %jmp/0xz  T_0.0, 8;
    %pushi/vec4 0, 0, 4;
    %assign/vec4 v0000022e1ee12910_0, 0;
    %jmp T_0.1;
T_0.0 ;
    %load/vec4 v0000022e1ee12910_0;
    %addi 1, 0, 4;
    %assign/vec4 v0000022e1ee12910_0, 0;
T_0.1 ;
    %jmp T_0;
    .thread T_0;
    .scope S_0000022e1ef3a5b0;
T_1 ;
    %pushi/vec4 0, 0, 1;
    %store/vec4 v0000022e1ef3cc00_0, 0, 1;
    %end;
    .thread T_1;
    .scope S_0000022e1ef3a5b0;
T_2 ;
    %delay 5, 0;
    %load/vec4 v0000022e1ef3cc00_0;
    %inv;
    %store/vec4 v0000022e1ef3cc00_0, 0, 1;
    %jmp T_2;
    .thread T_2;
    .scope S_0000022e1ef3a5b0;
T_3 ;
    %vpi_call 2 17 "$dumpfile", "dump.vcd" {0 0 0};
    %vpi_call 2 18 "$dumpvars", 32'sb00000000000000000000000000000000, S_0000022e1ef3a5b0 {0 0 0};
    %pushi/vec4 1, 0, 1;
    %store/vec4 v0000022e1ef3e000_0, 0, 1;
    %delay 12, 0;
    %pushi/vec4 0, 0, 1;
    %store/vec4 v0000022e1ef3e000_0, 0, 1;
    %delay 100, 0;
    %vpi_call 2 22 "$finish" {0 0 0};
    %end;
    .thread T_3;
# The file index is used to find the file name in the following table.
:file_names 4;
    "N/A";
    "<interactive>";
    "testbench.v";
    "design.v";
